0 info it worked if it ends with ok
1 verbose cli [ 'C:\\Program Files\\nodejs\\node.exe',
1 verbose cli   'C:\\Program Files\\nodejs\\node_modules\\npm\\bin\\npm-cli.js',
1 verbose cli   'start' ]
2 info using npm@4.0.2
3 info using node@v7.2.0
4 verbose run-script [ 'prestart', 'start', 'poststart' ]
5 info lifecycle upstar_music@1.0.0~prestart: upstar_music@1.0.0
6 silly lifecycle upstar_music@1.0.0~prestart: no script for prestart, continuing
7 info lifecycle upstar_music@1.0.0~start: upstar_music@1.0.0
8 verbose lifecycle upstar_music@1.0.0~start: unsafe-perm in lifecycle true
9 verbose lifecycle upstar_music@1.0.0~start: PATH: C:\Users\zachs\AppData\Roaming\nvm\v7.2.0\node_modules\npm\bin\node-gyp-bin;C:\dev\github-projects\Node.JS-Tutorials\mongo2016\upStarMusic\node_modules\.bin;c:\cmder\bin;c:\cmder\vendor\conemu-maximus5\ConEmu\Scripts;c:\cmder\vendor\conemu-maximus5;c:\cmder\vendor\conemu-maximus5\ConEmu;C:\WINDOWS\system32;C:\WINDOWS;C:\WINDOWS\System32\Wbem;C:\WINDOWS\System32\WindowsPowerShell\v1.0\;C:\Program Files\Git\cmd;C:\Program Files\Git\mingw64\bin;C:\Program Files\Git\usr\bin;C:\Users\zachs\AppData\Local\atom\bin;C:\Users\zachs\C:\Users\zachs\AppData\Local\atom\bin;C:\mongoDB\bin;C:\cmder\;C:\Program Files (x86)\Skype\Phone\;C:\Users\zachs\.dnx\bin;C:\Program Files\Microsoft DNX\Dnvm\;C:\Program Files\Microsoft SQL Server\130\Tools\Binn\;C:\Program Files (x86)\Windows Kits\8.1\Windows Performance Toolkit\;%NVM_HOME%;%NVM_SYMLINK%;C:\Program Files (x86)\Yarn\bin;C:\Users\zachs\AppData\Local\atom\bin;C:\Users\zachs\AppData\Local\Microsoft\WindowsApps;C:\Users\zachs\AppData\Roaming\nvm;C:\Program Files\nodejs;C:\Users\zachs\AppData\Local\Yarn\.bin;C:\Program Files\Git\usr\bin;C:\Program Files\Git\usr\share\vim\vim74;c:\cmder\
10 verbose lifecycle upstar_music@1.0.0~start: CWD: C:\dev\github-projects\Node.JS-Tutorials\mongo2016\upStarMusic
11 silly lifecycle upstar_music@1.0.0~start: Args: [ '/d /s /c', 'webpack-dev-server' ]
12 verbose stack Error: kill ENOSYS
12 verbose stack     at exports._errnoException (util.js:1022:11)
12 verbose stack     at process.kill (internal/process.js:173:13)
12 verbose stack     at process.listener (C:\Users\zachs\AppData\Roaming\nvm\v7.2.0\node_modules\npm\node_modules\npmlog\node_modules\gauge\node_modules\signal-exit\index.js:86:15)
12 verbose stack     at emitNone (events.js:91:20)
12 verbose stack     at process.emit (events.js:185:7)
12 verbose stack     at processEmit (C:\Users\zachs\AppData\Roaming\nvm\v7.2.0\node_modules\npm\node_modules\npmlog\node_modules\gauge\node_modules\signal-exit\index.js:146:32)
12 verbose stack     at processEmit (C:\Users\zachs\AppData\Roaming\nvm\v7.2.0\node_modules\npm\node_modules\npm-registry-client\node_modules\npmlog\node_modules\gauge\node_modules\signal-exit\index.js:146:32)
12 verbose stack     at Signal.wrap.onsignal (internal/process.js:200:44)
13 verbose cwd C:\dev\github-projects\Node.JS-Tutorials\mongo2016\upStarMusic
14 error Windows_NT 10.0.14393
15 error argv "C:\\Program Files\\nodejs\\node.exe" "C:\\Program Files\\nodejs\\node_modules\\npm\\bin\\npm-cli.js" "start"
16 error node v7.2.0
17 error npm  v4.0.2
18 error code ENOSYS
19 error errno ENOSYS
20 error syscall kill
21 error kill ENOSYS
22 error If you need help, you may report this error at:
22 error     <https://github.com/npm/npm/issues>
23 verbose exit [ 1, true ]
